2026-04-18 10:26:22.991: [INFO] VisibilityChanged: 0
2026-04-18 10:26:23.083: [INFO] RecordSyncInitDuration has_sync_been_enabled: 0 state: 0
2026-04-18 10:26:23.086: [INFO] RecordSyncInitDuration has_sync_been_enabled: 0 state: 0
2026-04-18 10:26:23.088: [INFO] RecordSyncInitDuration has_sync_been_enabled: 0 state: 0
2026-04-18 10:26:23.091: [INFO] RecordSyncInitDuration has_sync_been_enabled: 0 state: 0
2026-04-18 10:26:23.093: [INFO] RecordSyncInitDuration has_sync_been_enabled: 0 state: 0
2026-04-18 10:26:23.096: [INFO] RecordSyncInitDuration has_sync_been_enabled: 0 state: 0
2026-04-18 10:26:23.098: [INFO] RecordSyncInitDuration has_sync_been_enabled: 0 state: 0
2026-04-18 10:26:23.100: [INFO] RecordSyncInitDuration has_sync_been_enabled: 0 state: 0
2026-04-18 10:26:23.102: [INFO] RecordSyncInitDuration has_sync_been_enabled: 0 state: 0
2026-04-18 10:26:23.104: [INFO] RecordSyncInitDuration has_sync_been_enabled: 0 state: 0
2026-04-18 10:26:23.106: [INFO] RecordSyncInitDuration has_sync_been_enabled: 0 state: 0
2026-04-18 10:26:23.108: [INFO] RecordSyncInitDuration has_sync_been_enabled: 0 state: 0
2026-04-18 10:26:23.133: [INFO] BookmarkNodeAdded, ABU: 0
2026-04-18 10:26:23.134: [INFO] BookmarkNodeAdded, ABU: 0
2026-04-18 10:26:23.135: [INFO] BookmarkNodeAdded, ABU: 0
2026-04-18 10:26:23.135: [INFO] BookmarkModelLoaded, ids_reassigned: 0
2026-04-18 10:26:23.135: [INFO] OnDoneLoading sync enabled: 0
2026-04-18 10:26:23.141: [INFO] RecordSyncInitDuration has_sync_been_enabled: 0 state: 0
2026-04-18 10:26:25.685: [INFO] RecordSyncInitDuration has_sync_been_enabled: 0 state: 0
2026-04-18 10:26:25.702: [INFO] RecordSyncInitDuration has_sync_been_enabled: 0 state: 3
2026-04-18 10:26:25.718: [INFO] Primary account changed.
2026-04-18 10:26:25.718: [INFO] OnPrimaryAccountChanged PrimaryAccountChangeEvent::Type::kSet
2026-04-18 10:26:25.726: [INFO] RecordSyncInitDuration has_sync_been_enabled: 0 state: 3
2026-04-18 10:26:25.767: [INFO] RecordSyncInitDuration has_sync_been_enabled: 0 state: 3
2026-04-18 10:26:29.361: [INFO] BookmarkNodeAdded, ABU: 0
2026-04-18 10:26:29.362: [INFO] BookmarkNodeAdded, ABU: 0
2026-04-18 10:26:29.363: [INFO] BookmarkNodeAdded, ABU: 0
2026-04-18 10:26:29.364: [INFO] BookmarkNodeAdded, ABU: 0
2026-04-18 10:26:29.364: [INFO] BookmarkNodeAdded, ABU: 0
2026-04-18 10:26:29.364: [INFO] BookmarkNodeAdded, ABU: 0
2026-04-18 10:26:29.365: [INFO] BookmarkNodeAdded, ABU: 0
2026-04-18 10:26:29.365: [INFO] BookmarkNodeAdded, ABU: 0
2026-04-18 10:26:30.940: [INFO] Sync initialization duration: 4878ms
