{"logTime": "0418/102627", "correlationVector":"dmATjcAV1Gnnkq2iVG9ppD.1","action":"SyncServerConnectionManagerRequest", "result":"SYNC_SERVER_OK", "context":{"environment":"Prod_southeastasia_prod-s01-064-apac-southeastasia", "migrationStage":"NotStarted", "server":"akswtt00000000e"}}
{"logTime": "0418/102627", "correlationVector":"dmATjcAV1Gnnkq2iVG9ppD.2","action":"ProcessGetUpdates", "result":"Done", "context":{"dataType":"Encryption Keys", "deleted":"0", "process_failed_to_decrypt":"0", "process_pending_decryption":"0", "process_success":"1", "total":"1"}}
{"logTime": "0418/102628", "correlationVector":"8th4d64D4iBzGsnarC1UUl","action":"SyncServerConnectionManagerRequest", "result":"SYNC_SERVER_OK", "context":{"environment":"", "migrationStage":"", "server":""}}
{"logTime": "0418/102628", "correlationVector":"8th4d64D4iBzGsnarC1UUl.0","action":"EncryptionKeysFetcher.DownloadKeys:", "result":"Success", "context":Key count: 3, Last key timestamp: 2025-12-03T01:11:53Z}
{"logTime": "0418/102628", "correlationVector":"8th4d64D4iBzGsnarC1UUl.1","action":"EncryptionKeysManager::SetEncryptionKeys:", "result":"Success", "context":Key names[3]:[XxyDxbccPtac6dUMglvZxDouFKjN7GFItBx6T1/Q8wnBkZcFoF0yURJTm9/DGTEaNpKXxkQ3qYKLqr6NNjNN4Q==][Q7IFR6pbnyqj1HVmootmkDf6IavKy04vD8aI7R3iBMs0XZu01cLkub7itmqG2FMSpSbS0dy6APgkcjTzvjWzMQ==][2Py/5iqt5gSXWt9ZWU0m9mtuNq9Oja8yyIbsCzY62+bdWPbRurx4+zlyfJNJ2CIrbt4v6xJvdi8taA/+mAlYPQ==]}
{"logTime": "0418/102628", "correlationVector":"8th4d64D4iBzGsnarC1UUl.2","action":"EncryptionKeysManager::SetEncryptionKeysWithTimestamps:", "result":"Success", "context":Key timestamps[3]:[2025-05-29T00:13:08Z][2025-06-02T13:27:39Z][2025-12-03T01:11:53Z]}
{"logTime": "0418/102628", "correlationVector":"dmATjcAV1Gnnkq2iVG9ppD","action":"Initial GetUpdates", "result":"", "context":Reason: NEW_CLIENT. cV=dmATjcAV1Gnnkq2iVG9ppD}
{"logTime": "0418/102628", "correlationVector":"dmATjcAV1Gnnkq2iVG9ppD.3","action":"GetUpdates Response", "result":"Success", "context":Received 1 update(s). cV=dmATjcAV1Gnnkq2iVG9ppD.0;server=akswtt00000000e;cloudType=Consumer;environment=Prod_southeastasia_prod-s01-064-apac-southeastasia;migrationStage=NotStarted}
{"logTime": "0418/102628", "correlationVector":"nr6NFyeaiIujJgmPy3Uavo","action":"Initial GetUpdates", "result":"", "context":Reason: NEWLY_SUPPORTED_DATATYPE. cV=nr6NFyeaiIujJgmPy3Uavo}
{"logTime": "0418/102629", "correlationVector":"nr6NFyeaiIujJgmPy3Uavo.1","action":"SyncServerConnectionManagerRequest", "result":"SYNC_SERVER_OK", "context":{"environment":"Prod_southeastasia_prod-s01-064-apac-southeastasia", "migrationStage":"NotStarted", "server":"akswtt000000008"}}
{"logTime": "0418/102629", "correlationVector":"nr6NFyeaiIujJgmPy3Uavo.2","action":"ProcessGetUpdates", "result":"Done", "context":{"dataType":"Preferences", "deleted":"0", "process_failed_to_decrypt":"0", "process_pending_decryption":"0", "process_success":"52", "total":"52"}}
{"logTime": "0418/102629", "correlationVector":"nr6NFyeaiIujJgmPy3Uavo.3","action":"ProcessGetUpdates", "result":"Done", "context":{"dataType":"Passwords", "deleted":"0", "process_failed_to_decrypt":"0", "process_pending_decryption":"0", "process_success":"6", "total":"6"}}
{"logTime": "0418/102629", "correlationVector":"nr6NFyeaiIujJgmPy3Uavo.4","action":"ProcessGetUpdates", "result":"Done", "context":{"dataType":"Device Info", "deleted":"0", "process_failed_to_decrypt":"0", "process_pending_decryption":"0", "process_success":"10", "total":"10"}}
{"logTime": "0418/102629", "correlationVector":"nr6NFyeaiIujJgmPy3Uavo.5","action":"GetUpdates Response", "result":"Success", "context":Received 68 update(s). cV=nr6NFyeaiIujJgmPy3Uavo.0;server=akswtt000000008;cloudType=Consumer;environment=Prod_southeastasia_prod-s01-064-apac-southeastasia;migrationStage=NotStarted}
{"logTime": "0418/102629", "correlationVector":"Y4HYD+kHqPUMEjXdcEyVOM","action":"Initial GetUpdates", "result":"", "context":Reason: NEWLY_SUPPORTED_DATATYPE. cV=Y4HYD+kHqPUMEjXdcEyVOM}
{"logTime": "0418/102629", "correlationVector":"Y4HYD+kHqPUMEjXdcEyVOM.1","action":"SyncServerConnectionManagerRequest", "result":"SYNC_SERVER_OK", "context":{"environment":"Prod_southeastasia_prod-s01-064-apac-southeastasia", "migrationStage":"NotStarted", "server":"akswtt00000000s"}}
{"logTime": "0418/102629", "correlationVector":"Y4HYD+kHqPUMEjXdcEyVOM.2","action":"ProcessGetUpdates", "result":"Done", "context":{"dataType":"Bookmarks", "deleted":"0", "process_failed_to_decrypt":"0", "process_pending_decryption":"0", "process_success":"14", "total":"14"}}
{"logTime": "0418/102629", "correlationVector":"Y4HYD+kHqPUMEjXdcEyVOM.3","action":"GetUpdates Response", "result":"Success", "context":Received 14 update(s). cV=Y4HYD+kHqPUMEjXdcEyVOM.0;server=akswtt00000000s;cloudType=Consumer;environment=Prod_southeastasia_prod-s01-064-apac-southeastasia;migrationStage=NotStarted}
{"logTime": "0418/102629", "correlationVector":"21gTAjD2jxbWxFSZ8Gru2A","action":"Initial GetUpdates", "result":"", "context":Reason: NEWLY_SUPPORTED_DATATYPE. cV=21gTAjD2jxbWxFSZ8Gru2A}
{"logTime": "0418/102630", "correlationVector":"21gTAjD2jxbWxFSZ8Gru2A.1","action":"SyncServerConnectionManagerRequest", "result":"SYNC_SERVER_OK", "context":{"environment":"Prod_southeastasia_prod-s01-064-apac-southeastasia", "migrationStage":"NotStarted", "server":"akswtt00000000g"}}
{"logTime": "0418/102630", "correlationVector":"21gTAjD2jxbWxFSZ8Gru2A.2","action":"ProcessGetUpdates", "result":"Done", "context":{"dataType":"Autofill Profiles", "deleted":"0", "process_failed_to_decrypt":"0", "process_pending_decryption":"0", "process_success":"2", "total":"2"}}
{"logTime": "0418/102630", "correlationVector":"21gTAjD2jxbWxFSZ8Gru2A.3","action":"ProcessGetUpdates", "result":"Done", "context":{"dataType":"Autofill", "deleted":"0", "process_failed_to_decrypt":"0", "process_pending_decryption":"0", "process_success":"245", "total":"245"}}
{"logTime": "0418/102630", "correlationVector":"21gTAjD2jxbWxFSZ8Gru2A.4","action":"ProcessGetUpdates", "result":"Done", "context":{"dataType":"Extension settings", "deleted":"0", "process_failed_to_decrypt":"0", "process_pending_decryption":"0", "process_success":"3", "total":"3"}}
{"logTime": "0418/102630", "correlationVector":"21gTAjD2jxbWxFSZ8Gru2A.5","action":"GetUpdates Response", "result":"Success", "context":Received 250 update(s). cV=21gTAjD2jxbWxFSZ8Gru2A.0;server=akswtt00000000g;cloudType=Consumer;environment=Prod_southeastasia_prod-s01-064-apac-southeastasia;migrationStage=NotStarted Some updates remain.}
{"logTime": "0418/102630", "correlationVector":"NzEZmjwXWdZcbcAM0XfrXg","action":"Initial GetUpdates", "result":"", "context":Reason: NEWLY_SUPPORTED_DATATYPE. cV=NzEZmjwXWdZcbcAM0XfrXg}
{"logTime": "0418/102630", "correlationVector":"NzEZmjwXWdZcbcAM0XfrXg.1","action":"SyncServerConnectionManagerRequest", "result":"SYNC_SERVER_OK", "context":{"environment":"Prod_southeastasia_prod-s01-064-apac-southeastasia", "migrationStage":"NotStarted", "server":"akswtt000000000"}}
{"logTime": "0418/102630", "correlationVector":"NzEZmjwXWdZcbcAM0XfrXg.2","action":"ProcessGetUpdates", "result":"Done", "context":{"dataType":"Autofill Profiles", "deleted":"0", "process_failed_to_decrypt":"0", "process_pending_decryption":"0", "process_success":"2", "total":"2"}}
{"logTime": "0418/102630", "correlationVector":"NzEZmjwXWdZcbcAM0XfrXg.3","action":"ProcessGetUpdates", "result":"Done", "context":{"dataType":"Autofill", "deleted":"0", "process_failed_to_decrypt":"0", "process_pending_decryption":"0", "process_success":"155", "total":"155"}}
{"logTime": "0418/102630", "correlationVector":"NzEZmjwXWdZcbcAM0XfrXg.4","action":"ProcessGetUpdates", "result":"Done", "context":{"dataType":"Extensions", "deleted":"0", "process_failed_to_decrypt":"0", "process_pending_decryption":"0", "process_success":"2", "total":"2"}}
{"logTime": "0418/102630", "correlationVector":"NzEZmjwXWdZcbcAM0XfrXg.5","action":"ProcessGetUpdates", "result":"Done", "context":{"dataType":"Sessions", "deleted":"84", "process_failed_to_decrypt":"0", "process_pending_decryption":"0", "process_success":"84", "total":"84"}}
{"logTime": "0418/102630", "correlationVector":"NzEZmjwXWdZcbcAM0XfrXg.6","action":"ProcessGetUpdates", "result":"Done", "context":{"dataType":"Edge Hub App Usage", "deleted":"2", "process_failed_to_decrypt":"0", "process_pending_decryption":"0", "process_success":"7", "total":"7"}}
{"logTime": "0418/102630", "correlationVector":"NzEZmjwXWdZcbcAM0XfrXg.7","action":"GetUpdates Response", "result":"Success", "context":Received 250 update(s). cV=NzEZmjwXWdZcbcAM0XfrXg.0;server=akswtt000000000;cloudType=Consumer;environment=Prod_southeastasia_prod-s01-064-apac-southeastasia;migrationStage=NotStarted Some updates remain.}
{"logTime": "0418/102630", "correlationVector":"PRS7K603QEeBpmi3adBMGM","action":"Initial GetUpdates", "result":"", "context":Reason: NEWLY_SUPPORTED_DATATYPE. cV=PRS7K603QEeBpmi3adBMGM}
{"logTime": "0418/102630", "correlationVector":"PRS7K603QEeBpmi3adBMGM.1","action":"SyncServerConnectionManagerRequest", "result":"SYNC_SERVER_OK", "context":{"environment":"Prod_southeastasia_prod-s01-064-apac-southeastasia", "migrationStage":"NotStarted", "server":"akswtt000000004"}}
{"logTime": "0418/102630", "correlationVector":"PRS7K603QEeBpmi3adBMGM.2","action":"ProcessGetUpdates", "result":"Done", "context":{"dataType":"Sessions", "deleted":"56", "process_failed_to_decrypt":"0", "process_pending_decryption":"0", "process_success":"61", "total":"61"}}
{"logTime": "0418/102630", "correlationVector":"PRS7K603QEeBpmi3adBMGM.3","action":"ProcessGetUpdates", "result":"Done", "context":{"dataType":"Edge Hub App Usage", "deleted":"0", "process_failed_to_decrypt":"0", "process_pending_decryption":"0", "process_success":"7", "total":"7"}}
{"logTime": "0418/102630", "correlationVector":"PRS7K603QEeBpmi3adBMGM.4","action":"GetUpdates Response", "result":"Success", "context":Received 68 update(s). cV=PRS7K603QEeBpmi3adBMGM.0;server=akswtt000000004;cloudType=Consumer;environment=Prod_southeastasia_prod-s01-064-apac-southeastasia;migrationStage=NotStarted}
{"logTime": "0418/102630", "correlationVector":"+380Ii6Cb457sJavHBA4jU","action":"Initial GetUpdates", "result":"", "context":Reason: NEWLY_SUPPORTED_DATATYPE. cV=+380Ii6Cb457sJavHBA4jU}
{"logTime": "0418/102631", "correlationVector":"+380Ii6Cb457sJavHBA4jU.1","action":"SyncServerConnectionManagerRequest", "result":"SYNC_SERVER_OK", "context":{"environment":"Prod_southeastasia_prod-s01-064-apac-southeastasia", "migrationStage":"NotStarted", "server":"akswtt00000000g"}}
{"logTime": "0418/102631", "correlationVector":"+380Ii6Cb457sJavHBA4jU.2","action":"ProcessGetUpdates", "result":"Done", "context":{"dataType":"History", "deleted":"0", "process_failed_to_decrypt":"0", "process_pending_decryption":"0", "process_success":"250", "total":"250"}}
{"logTime": "0418/102631", "correlationVector":"+380Ii6Cb457sJavHBA4jU.3","action":"GetUpdates Response", "result":"Success", "context":Received 250 update(s). cV=+380Ii6Cb457sJavHBA4jU.0;server=akswtt00000000g;cloudType=Consumer;environment=Prod_southeastasia_prod-s01-064-apac-southeastasia;migrationStage=NotStarted Some updates remain.}
{"logTime": "0418/102631", "correlationVector":"4/cednv/xvTEhTZscXu/qk","action":"Initial GetUpdates", "result":"", "context":Reason: NEWLY_SUPPORTED_DATATYPE. cV=4/cednv/xvTEhTZscXu/qk}
{"logTime": "0418/102632", "correlationVector":"4/cednv/xvTEhTZscXu/qk.1","action":"SyncServerConnectionManagerRequest", "result":"SYNC_SERVER_OK", "context":{"environment":"Prod_southeastasia_prod-s01-064-apac-southeastasia", "migrationStage":"NotStarted", "server":"akswtt000000000"}}
{"logTime": "0418/102632", "correlationVector":"4/cednv/xvTEhTZscXu/qk.2","action":"ProcessGetUpdates", "result":"Done", "context":{"dataType":"History", "deleted":"0", "process_failed_to_decrypt":"0", "process_pending_decryption":"0", "process_success":"250", "total":"250"}}
{"logTime": "0418/102632", "correlationVector":"4/cednv/xvTEhTZscXu/qk.3","action":"GetUpdates Response", "result":"Success", "context":Received 250 update(s). cV=4/cednv/xvTEhTZscXu/qk.0;server=akswtt000000000;cloudType=Consumer;environment=Prod_southeastasia_prod-s01-064-apac-southeastasia;migrationStage=NotStarted Some updates remain.}
{"logTime": "0418/102632", "correlationVector":"36lqfvcuDW79Wn8LCkxbr7","action":"Initial GetUpdates", "result":"", "context":Reason: NEWLY_SUPPORTED_DATATYPE. cV=36lqfvcuDW79Wn8LCkxbr7}
{"logTime": "0418/102632", "correlationVector":"36lqfvcuDW79Wn8LCkxbr7.1","action":"SyncServerConnectionManagerRequest", "result":"SYNC_SERVER_OK", "context":{"environment":"Prod_southeastasia_prod-s01-064-apac-southeastasia", "migrationStage":"NotStarted", "server":"akswtt00000000l"}}
{"logTime": "0418/102632", "correlationVector":"36lqfvcuDW79Wn8LCkxbr7.2","action":"ProcessGetUpdates", "result":"Done", "context":{"dataType":"History", "deleted":"0", "process_failed_to_decrypt":"0", "process_pending_decryption":"0", "process_success":"250", "total":"250"}}
{"logTime": "0418/102632", "correlationVector":"36lqfvcuDW79Wn8LCkxbr7.3","action":"GetUpdates Response", "result":"Success", "context":Received 250 update(s). cV=36lqfvcuDW79Wn8LCkxbr7.0;server=akswtt00000000l;cloudType=Consumer;environment=Prod_southeastasia_prod-s01-064-apac-southeastasia;migrationStage=NotStarted Some updates remain.}
{"logTime": "0418/102632", "correlationVector":"80YZbUnkST8hukqyG7S2R0","action":"Initial GetUpdates", "result":"", "context":Reason: NEWLY_SUPPORTED_DATATYPE. cV=80YZbUnkST8hukqyG7S2R0}
{"logTime": "0418/102633", "correlationVector":"80YZbUnkST8hukqyG7S2R0.1","action":"SyncServerConnectionManagerRequest", "result":"SYNC_SERVER_OK", "context":{"environment":"Prod_southeastasia_prod-s01-064-apac-southeastasia", "migrationStage":"NotStarted", "server":"akswtt000000004"}}
{"logTime": "0418/102633", "correlationVector":"80YZbUnkST8hukqyG7S2R0.2","action":"ProcessGetUpdates", "result":"Done", "context":{"dataType":"History", "deleted":"0", "process_failed_to_decrypt":"0", "process_pending_decryption":"0", "process_success":"30", "total":"30"}}
{"logTime": "0418/102633", "correlationVector":"80YZbUnkST8hukqyG7S2R0.3","action":"GetUpdates Response", "result":"Success", "context":Received 30 update(s). cV=80YZbUnkST8hukqyG7S2R0.0;server=akswtt000000004;cloudType=Consumer;environment=Prod_southeastasia_prod-s01-064-apac-southeastasia;migrationStage=NotStarted}
{"logTime": "0418/102633", "correlationVector":"n2HZSVgJ5TLEsPyjs22L4U","action":"Normal GetUpdate request", "result":"", "context":cV=n2HZSVgJ5TLEsPyjs22L4U
Nudged types: Sessions, Device Info, User Consents, History
Refresh requested types: Bookmarks, Preferences, Passwords, Autofill Profiles, Autofill, Extensions, Sessions, Extension settings, History Delete Directives, Device Info, User Consents, Send Tab To Self, Web Apps, History, Saved Tab Group, WebAuthn Credentials, Collection, Edge E Drop, Edge Hub App Usage, Edge Wallet, Edge Workspace, Encryption Keys}
{"logTime": "0418/102633", "correlationVector":"n2HZSVgJ5TLEsPyjs22L4U.1","action":"SyncServerConnectionManagerRequest", "result":"SYNC_SERVER_OK", "context":{"environment":"Prod_southeastasia_prod-s01-064-apac-southeastasia", "migrationStage":"NotStarted", "server":"akswtt000000000"}}
{"logTime": "0418/102633", "correlationVector":"n2HZSVgJ5TLEsPyjs22L4U.2","action":"GetUpdates Response", "result":"Success", "context":Received 0 update(s). cV=n2HZSVgJ5TLEsPyjs22L4U.0;server=akswtt000000000;cloudType=Consumer;environment=Prod_southeastasia_prod-s01-064-apac-southeastasia;migrationStage=NotStarted}
{"logTime": "0418/102633", "correlationVector":"kInpWdhzxnqdJO0b6SAlDV","action":"Commit Request", "result":"", "context":Item count: 5
Contributing types: Sessions, Device Info, User Consents, History}
{"logTime": "0418/102634", "correlationVector":"kInpWdhzxnqdJO0b6SAlDV.1","action":"SyncServerConnectionManagerRequest", "result":"SYNC_SERVER_OK", "context":{"environment":"Prod_southeastasia_prod-s01-064-apac-southeastasia", "migrationStage":"NotStarted", "server":"akswtt00000000l"}}
{"logTime": "0418/102634", "correlationVector":"kInpWdhzxnqdJO0b6SAlDV.2","action":"Commit Response", "result":"Success", "context":Result: Success. cV=kInpWdhzxnqdJO0b6SAlDV.0;server=akswtt00000000l;cloudType=Consumer;environment=Prod_southeastasia_prod-s01-064-apac-southeastasia;migrationStage=NotStarted}
{"logTime": "0418/102722", "correlationVector":"5lm95KBM5V6AFY5EX01S5g","action":"Commit Request", "result":"", "context":Item count: 5
Contributing types: Passwords, Sessions, History}
{"logTime": "0418/102723", "correlationVector":"5lm95KBM5V6AFY5EX01S5g.1","action":"SyncServerConnectionManagerRequest", "result":"SYNC_SERVER_OK", "context":{"environment":"Prod_southeastasia_prod-s01-064-apac-southeastasia", "migrationStage":"NotStarted", "server":"akswtt00000000s"}}
{"logTime": "0418/102723", "correlationVector":"5lm95KBM5V6AFY5EX01S5g.2","action":"Commit Response", "result":"Success", "context":Result: Success. cV=5lm95KBM5V6AFY5EX01S5g.0;server=akswtt00000000s;cloudType=Consumer;environment=Prod_southeastasia_prod-s01-064-apac-southeastasia;migrationStage=NotStarted}
{"logTime": "0418/105511", "correlationVector":"ZXi5WDGxj3qvZP2fNWGCKo.1","action":"SyncServerConnectionManagerRequest", "result":"SYNC_SERVER_OK", "context":{"environment":"Prod_southeastasia_prod-s01-065-apac-southeastasia", "migrationStage":"NotStarted", "server":"akswtt00000000b"}}
{"logTime": "0418/105511", "correlationVector":"ZXi5WDGxj3qvZP2fNWGCKo.2","action":"ProcessGetUpdates", "result":"Done", "context":{"dataType":"Encryption Keys", "deleted":"0", "process_failed_to_decrypt":"0", "process_pending_decryption":"0", "process_success":"1", "total":"1"}}
{"logTime": "0418/105512", "correlationVector":"aKFYsiAwBbjdnJFdqCOtDq","action":"SyncServerConnectionManagerRequest", "result":"SYNC_SERVER_OK", "context":{"environment":"", "migrationStage":"", "server":""}}
{"logTime": "0418/105512", "correlationVector":"aKFYsiAwBbjdnJFdqCOtDq.0","action":"EncryptionKeysFetcher.DownloadKeys:", "result":"Success", "context":Key count: 3, Last key timestamp: 2025-12-03T01:11:53Z}
{"logTime": "0418/105512", "correlationVector":"aKFYsiAwBbjdnJFdqCOtDq.1","action":"EncryptionKeysManager::SetEncryptionKeys:", "result":"Success", "context":Key names[3]:[XxyDxbccPtac6dUMglvZxDouFKjN7GFItBx6T1/Q8wnBkZcFoF0yURJTm9/DGTEaNpKXxkQ3qYKLqr6NNjNN4Q==][Q7IFR6pbnyqj1HVmootmkDf6IavKy04vD8aI7R3iBMs0XZu01cLkub7itmqG2FMSpSbS0dy6APgkcjTzvjWzMQ==][2Py/5iqt5gSXWt9ZWU0m9mtuNq9Oja8yyIbsCzY62+bdWPbRurx4+zlyfJNJ2CIrbt4v6xJvdi8taA/+mAlYPQ==]}
{"logTime": "0418/105512", "correlationVector":"aKFYsiAwBbjdnJFdqCOtDq.2","action":"EncryptionKeysManager::SetEncryptionKeysWithTimestamps:", "result":"Success", "context":Key timestamps[3]:[2025-05-29T00:13:08Z][2025-06-02T13:27:39Z][2025-12-03T01:11:53Z]}
{"logTime": "0418/105512", "correlationVector":"ZXi5WDGxj3qvZP2fNWGCKo","action":"Initial GetUpdates", "result":"", "context":Reason: NEW_CLIENT. cV=ZXi5WDGxj3qvZP2fNWGCKo}
{"logTime": "0418/105512", "correlationVector":"ZXi5WDGxj3qvZP2fNWGCKo.3","action":"GetUpdates Response", "result":"Success", "context":Received 1 update(s). cV=ZXi5WDGxj3qvZP2fNWGCKo.0;server=akswtt00000000b;cloudType=Consumer;environment=Prod_southeastasia_prod-s01-065-apac-southeastasia;migrationStage=NotStarted}
{"logTime": "0418/105512", "correlationVector":"Go2fAmUBrYGY5R/Kz9wNm4","action":"Initial GetUpdates", "result":"", "context":Reason: NEWLY_SUPPORTED_DATATYPE. cV=Go2fAmUBrYGY5R/Kz9wNm4}
{"logTime": "0418/105512", "correlationVector":"Go2fAmUBrYGY5R/Kz9wNm4.1","action":"SyncServerConnectionManagerRequest", "result":"SYNC_SERVER_OK", "context":{"environment":"Prod_southeastasia_prod-s01-064-apac-southeastasia", "migrationStage":"NotStarted", "server":"akswtt00000000k"}}
{"logTime": "0418/105512", "correlationVector":"Go2fAmUBrYGY5R/Kz9wNm4.2","action":"ProcessGetUpdates", "result":"Done", "context":{"dataType":"Passwords", "deleted":"0", "process_failed_to_decrypt":"0", "process_pending_decryption":"0", "process_success":"6", "total":"6"}}
{"logTime": "0418/105512", "correlationVector":"Go2fAmUBrYGY5R/Kz9wNm4.3","action":"GetUpdates Response", "result":"Success", "context":Received 6 update(s). cV=Go2fAmUBrYGY5R/Kz9wNm4.0;server=akswtt00000000k;cloudType=Consumer;environment=Prod_southeastasia_prod-s01-064-apac-southeastasia;migrationStage=NotStarted}
{"logTime": "0418/105512", "correlationVector":"CWDU8RiDKdXtQax6Fnh3Bd","action":"Normal GetUpdate request", "result":"", "context":cV=CWDU8RiDKdXtQax6Fnh3Bd
Nudged types: Sessions, Device Info, History
Refresh requested types: Bookmarks, Preferences, Passwords, Autofill Profiles, Autofill, Extensions, Sessions, Extension settings, History Delete Directives, Device Info, User Consents, Send Tab To Self, Web Apps, History, Saved Tab Group, WebAuthn Credentials, Collection, Edge E Drop, Edge Hub App Usage, Edge Wallet, Edge Workspace, Encryption Keys}
{"logTime": "0418/105513", "correlationVector":"CWDU8RiDKdXtQax6Fnh3Bd.1","action":"SyncServerConnectionManagerRequest", "result":"SYNC_SERVER_OK", "context":{"environment":"Prod_southeastasia_prod-s01-065-apac-southeastasia", "migrationStage":"NotStarted", "server":"akswtt00000000o"}}
{"logTime": "0418/105513", "correlationVector":"CWDU8RiDKdXtQax6Fnh3Bd.2","action":"ProcessGetUpdates", "result":"Done", "context":{"dataType":"Preferences", "deleted":"0", "process_failed_to_decrypt":"0", "process_pending_decryption":"0", "process_success":"1", "total":"1"}}
{"logTime": "0418/105513", "correlationVector":"CWDU8RiDKdXtQax6Fnh3Bd.3","action":"ProcessGetUpdates", "result":"Done", "context":{"dataType":"Sessions", "deleted":"0", "process_failed_to_decrypt":"0", "process_pending_decryption":"0", "process_success":"3", "total":"3"}}
{"logTime": "0418/105513", "correlationVector":"CWDU8RiDKdXtQax6Fnh3Bd.4","action":"ProcessGetUpdates", "result":"Done", "context":{"dataType":"Device Info", "deleted":"0", "process_failed_to_decrypt":"0", "process_pending_decryption":"0", "process_success":"2", "total":"2"}}
{"logTime": "0418/105513", "correlationVector":"CWDU8RiDKdXtQax6Fnh3Bd.5","action":"ProcessGetUpdates", "result":"Done", "context":{"dataType":"History", "deleted":"0", "process_failed_to_decrypt":"0", "process_pending_decryption":"0", "process_success":"3", "total":"3"}}
{"logTime": "0418/105513", "correlationVector":"CWDU8RiDKdXtQax6Fnh3Bd.6","action":"GetUpdates Response", "result":"Success", "context":Received 9 update(s). cV=CWDU8RiDKdXtQax6Fnh3Bd.0;server=akswtt00000000o;cloudType=Consumer;environment=Prod_southeastasia_prod-s01-065-apac-southeastasia;migrationStage=NotStarted}
{"logTime": "0418/105513", "correlationVector":"pZ/Zqwl5nbk8CT3I2217Ab","action":"Commit Request", "result":"", "context":Item count: 6
Contributing types: Sessions, Device Info, History}
{"logTime": "0418/105513", "correlationVector":"pZ/Zqwl5nbk8CT3I2217Ab.1","action":"SyncServerConnectionManagerRequest", "result":"SYNC_SERVER_OK", "context":{"environment":"Prod_southeastasia_prod-s01-065-apac-southeastasia", "migrationStage":"NotStarted", "server":"akswtt000000007"}}
{"logTime": "0418/105513", "correlationVector":"pZ/Zqwl5nbk8CT3I2217Ab.2","action":"Commit Response", "result":"Success", "context":Result: Success. cV=pZ/Zqwl5nbk8CT3I2217Ab.0;server=akswtt000000007;cloudType=Consumer;environment=Prod_southeastasia_prod-s01-065-apac-southeastasia;migrationStage=NotStarted}
{"logTime": "0418/105513", "correlationVector":"pZ/Zqwl5nbk8CT3I2217Ab.3","action":"Commit.Sessions", "result":"Success", "context":{"id":"5f1ac101-4d62-4ca5-b6e8-11b0d7f96fd8", "isDeleted":"true", "size":"0", "version":"1776508045159"}}
{"logTime": "0418/105621", "correlationVector":"2cemV5Gxw1d/UFpwuUkPDM","action":"Commit Request", "result":"", "context":Item count: 3
Contributing types: Sessions, History}
{"logTime": "0418/105622", "correlationVector":"2cemV5Gxw1d/UFpwuUkPDM.1","action":"SyncServerConnectionManagerRequest", "result":"SYNC_SERVER_OK", "context":{"environment":"Prod_southeastasia_prod-s01-065-apac-southeastasia", "migrationStage":"NotStarted", "server":"akswtt00000000d"}}
{"logTime": "0418/105622", "correlationVector":"2cemV5Gxw1d/UFpwuUkPDM.2","action":"Commit Response", "result":"Success", "context":Result: Success. cV=2cemV5Gxw1d/UFpwuUkPDM.0;server=akswtt00000000d;cloudType=Consumer;environment=Prod_southeastasia_prod-s01-065-apac-southeastasia;migrationStage=NotStarted}
{"logTime": "0418/110230", "correlationVector":"EtpqeT/v5BvLU+1jtVqj0H","action":"Commit Request", "result":"", "context":Item count: 3
Contributing types: Sessions, History}
{"logTime": "0418/110231", "correlationVector":"EtpqeT/v5BvLU+1jtVqj0H.1","action":"SyncServerConnectionManagerRequest", "result":"SYNC_SERVER_OK", "context":{"environment":"Prod_southeastasia_prod-s01-064-apac-southeastasia", "migrationStage":"NotStarted", "server":"akswtt00000000l"}}
{"logTime": "0418/110231", "correlationVector":"EtpqeT/v5BvLU+1jtVqj0H.2","action":"Commit Response", "result":"Success", "context":Result: Success. cV=EtpqeT/v5BvLU+1jtVqj0H.0;server=akswtt00000000l;cloudType=Consumer;environment=Prod_southeastasia_prod-s01-064-apac-southeastasia;migrationStage=NotStarted}
{"logTime": "0418/110411", "correlationVector":"TpBChDFTsOVxkJjnfU+dP4","action":"Commit Request", "result":"", "context":Item count: 1
Contributing types: Sessions}
{"logTime": "0418/110411", "correlationVector":"TpBChDFTsOVxkJjnfU+dP4.1","action":"SyncServerConnectionManagerRequest", "result":"SYNC_SERVER_OK", "context":{"environment":"Prod_southeastasia_prod-s01-064-apac-southeastasia", "migrationStage":"NotStarted", "server":"akswtt00000000i"}}
{"logTime": "0418/110411", "correlationVector":"TpBChDFTsOVxkJjnfU+dP4.2","action":"Commit Response", "result":"Success", "context":Result: Success. cV=TpBChDFTsOVxkJjnfU+dP4.0;server=akswtt00000000i;cloudType=Consumer;environment=Prod_southeastasia_prod-s01-064-apac-southeastasia;migrationStage=NotStarted}
