2026-04-18 10:26:22.812: [INFO][Sync] Reset engine, reason: 8
2026-04-18 10:26:22.812: [INFO][Sync] Stopped: Bookmarks
2026-04-18 10:26:22.812: [INFO][Sync] Stopped: Preferences
2026-04-18 10:26:22.812: [INFO][Sync] Stopped: Passwords
2026-04-18 10:26:22.812: [INFO][Sync] Stopped: Autofill Profiles
2026-04-18 10:26:22.812: [INFO][Sync] Stopped: Autofill
2026-04-18 10:26:22.812: [INFO][Sync] Stopped: Extensions
2026-04-18 10:26:22.812: [INFO][Sync] Stopped: Sessions
2026-04-18 10:26:22.812: [INFO][Sync] Stopped: Extension settings
2026-04-18 10:26:22.812: [INFO][Sync] Stopped: History Delete Directives
2026-04-18 10:26:22.812: [INFO][Sync] Stopped: Device Info
2026-04-18 10:26:22.812: [INFO][Sync] Stopped: User Consents
2026-04-18 10:26:22.812: [INFO][Sync] Stopped: Send Tab To Self
2026-04-18 10:26:22.812: [INFO][Sync] Stopped: Web Apps
2026-04-18 10:26:22.812: [INFO][Sync] Stopped: History
2026-04-18 10:26:22.812: [INFO][Sync] Stopped: Saved Tab Group
2026-04-18 10:26:22.812: [INFO][Sync] Stopped: WebAuthn Credentials
2026-04-18 10:26:22.812: [INFO][Sync] Stopped: Collection
2026-04-18 10:26:22.812: [INFO][Sync] Stopped: Edge E Drop
2026-04-18 10:26:22.812: [INFO][Sync] Stopped: Edge Hub App Usage
2026-04-18 10:26:22.812: [INFO][Sync] Stopped: Edge Wallet
2026-04-18 10:26:22.812: [INFO][Sync] Stopped: Edge Workspace
2026-04-18 10:26:22.812: [INFO][Sync] SyncState after authenticated was: NotSignedIn
2026-04-18 10:26:23.139: [INFO][Sync] Reset engine, reason: 8
2026-04-18 10:26:23.139: [INFO][Sync] Stopped: Bookmarks
2026-04-18 10:26:23.139: [INFO][Sync] Stopped: Preferences
2026-04-18 10:26:23.139: [INFO][Sync] Stopped: Passwords
2026-04-18 10:26:23.139: [INFO][Sync] Stopped: Autofill Profiles
2026-04-18 10:26:23.139: [INFO][Sync] Stopped: Autofill
2026-04-18 10:26:23.139: [INFO][Sync] Stopped: Extensions
2026-04-18 10:26:23.139: [INFO][Sync] Stopped: Sessions
2026-04-18 10:26:23.139: [INFO][Sync] Stopped: Extension settings
2026-04-18 10:26:23.139: [INFO][Sync] Stopped: History Delete Directives
2026-04-18 10:26:23.139: [INFO][Sync] Stopped: Device Info
2026-04-18 10:26:23.139: [INFO][Sync] Stopped: User Consents
2026-04-18 10:26:23.139: [INFO][Sync] Stopped: Send Tab To Self
2026-04-18 10:26:23.139: [INFO][Sync] Stopped: Web Apps
2026-04-18 10:26:23.139: [INFO][Sync] Stopped: History
2026-04-18 10:26:23.139: [INFO][Sync] Stopped: Saved Tab Group
2026-04-18 10:26:23.139: [INFO][Sync] Stopped: WebAuthn Credentials
2026-04-18 10:26:23.139: [INFO][Sync] Stopped: Collection
2026-04-18 10:26:23.139: [INFO][Sync] Stopped: Edge E Drop
2026-04-18 10:26:23.139: [INFO][Sync] Stopped: Edge Hub App Usage
2026-04-18 10:26:23.139: [INFO][Sync] Stopped: Edge Wallet
2026-04-18 10:26:23.139: [INFO][Sync] Stopped: Edge Workspace
2026-04-18 10:26:25.695: [INFO][Sync] Try to start sync engine
2026-04-18 10:26:25.705: [INFO][SyncManagerImpl::NudgeForInitialDownload] Initial download nudge for Encryption Keys
2026-04-18 10:26:25.705: [INFO][SyncEngineBackend::LoadAndConnectNigoriController] Load and connect Nigori controller
2026-04-18 10:26:25.705: [INFO][SyncEngineBackend::DoInitialize] Control Types added: Encryption Keys
2026-04-18 10:26:25.705: [INFO][SyncManagerImpl::ConfigureSyncer] Types to download: Encryption Keys with reason: 3
2026-04-18 10:26:25.706: [INFO][SyncSchedulerImpl::DoConfigurationSyncCycleJob] Configure job was blocked
2026-04-18 10:26:25.764: [INFO][SyncAuthManager::SetLastAuthError] Current auth error: None
2026-04-18 10:26:25.764: [INFO][SyncAuthManager::EdgeLogTokenErrorState] Token error with: None for account type: MSA
2026-04-18 10:26:25.764: [INFO][Sync] Credentials changed for: EdgeSyncScopeNew
2026-04-18 10:26:27.072: [INFO][SyncAuthManager::SetLastAuthError] Current auth error: None
2026-04-18 10:26:27.072: [INFO][SyncAuthManager::EdgeLogTokenErrorState] Token error with: None for account type: MSA
2026-04-18 10:26:27.072: [INFO][Sync] Credentials changed for: EdgeSyncKeyDataScope
2026-04-18 10:26:27.072: [INFO][SyncEngineBackend::DoUpdateKeyDataCredentials] Update key data credentials
2026-04-18 10:26:27.072: [INFO][SyncEngineBackend::DoUpdateCredentials] Update credentials
2026-04-18 10:26:27.072: [INFO][SyncSchedulerImpl::DoConfigurationSyncCycleJob] Blocked types:  and types to download: Encryption Keys
2026-04-18 10:26:27.605: [INFO][Sync] Started DataTypeManager configuration, reason: 4
2026-04-18 10:26:27.607: [INFO][Sync] Configuring for: Bookmarks, Preferences, Passwords, Autofill Profiles, Autofill, Extensions, Sessions, Extension settings, History Delete Directives, Device Info, User Consents, Send Tab To Self, Web Apps, History, Saved Tab Group, WebAuthn Credentials, Collection, Edge E Drop, Edge Hub App Usage, Edge Wallet, Edge Workspace, Encryption Keys, reason: 3, current state: 0
2026-04-18 10:26:27.607: [WARN][Sync] Crypto error data types: Passwords, Autofill Profiles, Autofill
2026-04-18 10:26:27.611: [INFO][Sync] Configure, desired: Bookmarks, Preferences, Extensions, Sessions, Extension settings, History Delete Directives, Device Info, User Consents, Send Tab To Self, Web Apps, History, Saved Tab Group, WebAuthn Credentials, Collection, Edge E Drop, Edge Hub App Usage, Edge Wallet, Edge Workspace, Encryption Keys; Allow fail: Passwords, Autofill Profiles, Autofill
2026-04-18 10:26:27.612: [INFO][Sync] Loading: Bookmarks
2026-04-18 10:26:27.612: [INFO][Sync] Loading: Preferences
2026-04-18 10:26:27.612: [INFO][Sync] Loading: Extensions
2026-04-18 10:26:27.613: [INFO][Sync] Loading: Sessions
2026-04-18 10:26:27.613: [INFO][Sync] Loading: Extension settings
2026-04-18 10:26:27.613: [INFO][Sync] Loading: History Delete Directives
2026-04-18 10:26:27.613: [INFO][Sync] Loading: Device Info
2026-04-18 10:26:27.613: [INFO][Sync] Loading: User Consents
2026-04-18 10:26:27.613: [INFO][Sync] Loading: Send Tab To Self
2026-04-18 10:26:27.613: [INFO][Sync] Loading: Web Apps
2026-04-18 10:26:27.613: [INFO][Sync] Loading: History
2026-04-18 10:26:27.613: [INFO][Sync] Loading: Saved Tab Group
2026-04-18 10:26:27.613: [INFO][Sync] Loading: WebAuthn Credentials
2026-04-18 10:26:27.613: [INFO][Sync] Loading: Collection
2026-04-18 10:26:27.613: [INFO][Sync] Loading: Edge E Drop
2026-04-18 10:26:27.613: [INFO][Sync] Loading: Edge Hub App Usage
2026-04-18 10:26:27.614: [INFO][Sync] Loading: Edge Wallet
2026-04-18 10:26:27.614: [INFO][Sync] Loading: Edge Workspace
2026-04-18 10:26:27.620: [INFO][Sync] All data types are ready for configure.
2026-04-18 10:26:28.517: [INFO][Sync] Started DataTypeManager configuration, reason: 5
2026-04-18 10:26:28.517: [INFO][Sync] Configuring for: Bookmarks, Preferences, Passwords, Autofill Profiles, Autofill, Extensions, Sessions, Extension settings, History Delete Directives, Device Info, User Consents, Send Tab To Self, Web Apps, History, Saved Tab Group, WebAuthn Credentials, Collection, Edge E Drop, Edge Hub App Usage, Edge Wallet, Edge Workspace, Encryption Keys, reason: 5, current state: 1
2026-04-18 10:26:28.526: [INFO][SyncEngineBackend::DoStartConfiguration] Start configuration
2026-04-18 10:26:28.534: [INFO][SyncManagerImpl::NudgeForInitialDownload] Initial download nudge for Bookmarks
2026-04-18 10:26:28.534: [INFO][SyncManagerImpl::NudgeForInitialDownload] Initial download nudge for Preferences
2026-04-18 10:26:28.534: [INFO][SyncManagerImpl::NudgeForInitialDownload] Initial download nudge for Extensions
2026-04-18 10:26:28.534: [INFO][SyncManagerImpl::NudgeForInitialDownload] Initial download nudge for Sessions
2026-04-18 10:26:28.534: [INFO][SyncManagerImpl::NudgeForInitialDownload] Initial download nudge for Extension settings
2026-04-18 10:26:28.534: [INFO][SyncManagerImpl::NudgeForInitialDownload] Initial download nudge for History Delete Directives
2026-04-18 10:26:28.534: [INFO][SyncManagerImpl::NudgeForInitialDownload] Initial download nudge for Device Info
2026-04-18 10:26:28.534: [INFO][SyncManagerImpl::NudgeForInitialDownload] Initial download nudge for Send Tab To Self
2026-04-18 10:26:28.534: [INFO][SyncManagerImpl::NudgeForInitialDownload] Initial download nudge for Web Apps
2026-04-18 10:26:28.534: [INFO][SyncManagerImpl::NudgeForInitialDownload] Initial download nudge for History
2026-04-18 10:26:28.534: [INFO][SyncManagerImpl::NudgeForInitialDownload] Initial download nudge for Saved Tab Group
2026-04-18 10:26:28.534: [INFO][SyncManagerImpl::NudgeForInitialDownload] Initial download nudge for WebAuthn Credentials
2026-04-18 10:26:28.534: [INFO][SyncManagerImpl::NudgeForInitialDownload] Initial download nudge for Collection
2026-04-18 10:26:28.534: [INFO][SyncManagerImpl::NudgeForInitialDownload] Initial download nudge for Edge E Drop
2026-04-18 10:26:28.534: [INFO][SyncManagerImpl::NudgeForInitialDownload] Initial download nudge for Edge Hub App Usage
2026-04-18 10:26:28.534: [INFO][SyncManagerImpl::NudgeForInitialDownload] Initial download nudge for Edge Wallet
2026-04-18 10:26:28.534: [INFO][SyncManagerImpl::NudgeForInitialDownload] Initial download nudge for Edge Workspace
2026-04-18 10:26:28.534: [INFO][SyncManagerImpl::ConfigureSyncer] Types to download:  with reason: 3
2026-04-18 10:26:28.591: [INFO][SyncEngineBackend::DoFinishConfigureDataTypes] Failed to download types:  and succeeded types: 
2026-04-18 10:26:28.603: [INFO][Sync] ConfigurationDone, failed: , succeeded: , remaining count: 4
2026-04-18 10:26:28.603: [WARN][Sync]     Reconfigure requested while configuration ongoing.
2026-04-18 10:26:28.603: [INFO][Sync] Configuring for: Bookmarks, Preferences, Passwords, Autofill Profiles, Autofill, Extensions, Sessions, Extension settings, History Delete Directives, Device Info, User Consents, Send Tab To Self, Web Apps, History, Saved Tab Group, WebAuthn Credentials, Collection, Edge E Drop, Edge Hub App Usage, Edge Wallet, Edge Workspace, Encryption Keys, reason: 5, current state: 2
2026-04-18 10:26:28.603: [INFO][Sync] Configure, desired: Bookmarks, Preferences, Passwords, Autofill Profiles, Autofill, Extensions, Sessions, Extension settings, History Delete Directives, Device Info, User Consents, Send Tab To Self, Web Apps, History, Saved Tab Group, WebAuthn Credentials, Collection, Edge E Drop, Edge Hub App Usage, Edge Wallet, Edge Workspace, Encryption Keys; Allow fail: 
2026-04-18 10:26:28.603: [INFO][Sync] Loading: Passwords
2026-04-18 10:26:28.603: [INFO][Sync] Loading: Autofill Profiles
2026-04-18 10:26:28.603: [INFO][Sync] Loading: Autofill
2026-04-18 10:26:28.604: [INFO][Sync] All data types are ready for configure.
2026-04-18 10:26:28.604: [INFO][SyncManagerImpl::NudgeForInitialDownload] Initial download nudge for Passwords
2026-04-18 10:26:28.604: [INFO][SyncManagerImpl::NudgeForInitialDownload] Initial download nudge for Autofill Profiles
2026-04-18 10:26:28.604: [INFO][SyncManagerImpl::NudgeForInitialDownload] Initial download nudge for Autofill
2026-04-18 10:26:28.604: [INFO][SyncManagerImpl::ConfigureSyncer] Types to download:  with reason: 5
2026-04-18 10:26:28.604: [INFO][SyncEngineBackend::DoFinishConfigureDataTypes] Failed to download types:  and succeeded types: 
2026-04-18 10:26:28.604: [INFO][Sync] ConfigurationDone, failed: , succeeded: , remaining count: 4
2026-04-18 10:26:28.604: [INFO][Sync] Prepare to configure types: Preferences, Passwords, Device Info, Send Tab To Self, Edge E Drop, Encryption Keys
2026-04-18 10:26:28.604: [INFO][SyncManagerImpl::ConfigureSyncer] Types to download: Preferences, Passwords, Device Info, Send Tab To Self, Edge E Drop, Encryption Keys with reason: 5
2026-04-18 10:26:28.604: [INFO][SyncSchedulerImpl::DoConfigurationSyncCycleJob] Blocked types:  and types to download: Preferences, Passwords, Device Info, Send Tab To Self, Edge E Drop, Encryption Keys
2026-04-18 10:26:29.042: [INFO][SyncEngineBackend::DoFinishConfigureDataTypes] Failed to download types:  and succeeded types: Preferences, Passwords, Device Info, Send Tab To Self, Edge E Drop, Encryption Keys
2026-04-18 10:26:29.098: [INFO][Sync] ConfigurationDone, failed: , succeeded: Preferences, Passwords, Device Info, Send Tab To Self, Edge E Drop, Encryption Keys, remaining count: 3
2026-04-18 10:26:29.098: [INFO][Sync] Prepare to configure types: Bookmarks, Encryption Keys
2026-04-18 10:26:29.098: [INFO][SyncManagerImpl::ConfigureSyncer] Types to download: Bookmarks, Encryption Keys with reason: 5
2026-04-18 10:26:29.098: [INFO][SyncSchedulerImpl::DoConfigurationSyncCycleJob] Blocked types:  and types to download: Bookmarks, Encryption Keys
2026-04-18 10:26:29.363: [INFO][SyncEngineBackend::DoFinishConfigureDataTypes] Failed to download types:  and succeeded types: Bookmarks, Encryption Keys
2026-04-18 10:26:29.369: [INFO][Sync] ConfigurationDone, failed: , succeeded: Bookmarks, Encryption Keys, remaining count: 2
2026-04-18 10:26:29.369: [INFO][Sync] Prepare to configure types: Autofill Profiles, Autofill, Extensions, Sessions, Extension settings, History Delete Directives, Web Apps, Saved Tab Group, WebAuthn Credentials, Collection, Edge Hub App Usage, Edge Wallet, Edge Workspace, Encryption Keys
2026-04-18 10:26:29.369: [INFO][SyncManagerImpl::ConfigureSyncer] Types to download: Autofill Profiles, Autofill, Extensions, Sessions, Extension settings, History Delete Directives, Web Apps, Saved Tab Group, WebAuthn Credentials, Collection, Edge Hub App Usage, Edge Wallet, Edge Workspace, Encryption Keys with reason: 5
2026-04-18 10:26:29.369: [INFO][SyncSchedulerImpl::DoConfigurationSyncCycleJob] Blocked types:  and types to download: Autofill Profiles, Autofill, Extensions, Sessions, Extension settings, History Delete Directives, Web Apps, Saved Tab Group, WebAuthn Credentials, Collection, Edge Hub App Usage, Edge Wallet, Edge Workspace, Encryption Keys
2026-04-18 10:26:30.936: [INFO][SyncEngineBackend::DoFinishConfigureDataTypes] Failed to download types:  and succeeded types: Autofill Profiles, Autofill, Extensions, Sessions, Extension settings, History Delete Directives, Web Apps, Saved Tab Group, WebAuthn Credentials, Collection, Edge Hub App Usage, Edge Wallet, Edge Workspace, Encryption Keys
2026-04-18 10:26:30.938: [INFO][Sync] ConfigurationDone, failed: , succeeded: Autofill Profiles, Autofill, Extensions, Sessions, Extension settings, History Delete Directives, Web Apps, Saved Tab Group, WebAuthn Credentials, Collection, Edge Hub App Usage, Edge Wallet, Edge Workspace, Encryption Keys, remaining count: 1
2026-04-18 10:26:30.940: [INFO][Sync] Prepare to configure types: History, Encryption Keys
2026-04-18 10:26:30.940: [INFO][SyncManagerImpl::ConfigureSyncer] Types to download: History, Encryption Keys with reason: 5
2026-04-18 10:26:30.940: [INFO][SyncSchedulerImpl::DoConfigurationSyncCycleJob] Blocked types:  and types to download: History, Encryption Keys
2026-04-18 10:26:33.261: [INFO][SyncEngineBackend::DoFinishConfigureDataTypes] Failed to download types:  and succeeded types: History, Encryption Keys
2026-04-18 10:26:33.263: [INFO][Sync] ConfigurationDone, failed: , succeeded: History, Encryption Keys, remaining count: 0
2026-04-18 10:26:33.265: [INFO][Sync]     Configuration completed, state: 7
2026-04-18 10:26:33.266: [INFO][Sync] Configured DataTypeManager: Ok
2026-04-18 10:26:33.268: [INFO][SyncEngineBackend::DoStartSyncing] Start syncing
2026-04-18 10:28:56.864: [INFO][Sync] Reset engine, reason: 0
2026-04-18 10:28:56.864: [INFO][Sync] Reset engine with reason: 0
2026-04-18 10:55:08.646: [INFO][Sync] SyncState after authenticated was: FeatureCanStart
2026-04-18 10:55:09.063: [INFO][Sync] Try to start sync engine
2026-04-18 10:55:09.064: [INFO][SyncManagerImpl::NudgeForInitialDownload] Initial download nudge for Encryption Keys
2026-04-18 10:55:09.064: [INFO][SyncEngineBackend::LoadAndConnectNigoriController] Load and connect Nigori controller
2026-04-18 10:55:09.064: [INFO][SyncEngineBackend::DoInitialize] Control Types added: Encryption Keys
2026-04-18 10:55:09.064: [INFO][SyncManagerImpl::ConfigureSyncer] Types to download: Encryption Keys with reason: 3
2026-04-18 10:55:09.064: [INFO][SyncSchedulerImpl::DoConfigurationSyncCycleJob] Configure job was blocked
2026-04-18 10:55:09.408: [INFO][SyncAuthManager::SetLastAuthError] Current auth error: None
2026-04-18 10:55:09.408: [INFO][SyncAuthManager::EdgeLogTokenErrorState] Token error with: None for account type: MSA
2026-04-18 10:55:09.408: [INFO][Sync] Credentials changed for: EdgeSyncScopeNew
2026-04-18 10:55:10.961: [INFO][SyncAuthManager::SetLastAuthError] Current auth error: None
2026-04-18 10:55:10.961: [INFO][SyncAuthManager::EdgeLogTokenErrorState] Token error with: None for account type: MSA
2026-04-18 10:55:10.961: [INFO][Sync] Credentials changed for: EdgeSyncKeyDataScope
2026-04-18 10:55:10.962: [INFO][SyncEngineBackend::DoUpdateKeyDataCredentials] Update key data credentials
2026-04-18 10:55:10.962: [INFO][SyncEngineBackend::DoUpdateCredentials] Update credentials
2026-04-18 10:55:10.962: [INFO][SyncSchedulerImpl::DoConfigurationSyncCycleJob] Blocked types:  and types to download: Encryption Keys
2026-04-18 10:55:11.599: [INFO][Sync] Started DataTypeManager configuration, reason: 4
2026-04-18 10:55:11.600: [INFO][Sync] Configuring for: Bookmarks, Preferences, Passwords, Autofill Profiles, Autofill, Extensions, Sessions, Extension settings, History Delete Directives, Device Info, User Consents, Send Tab To Self, Web Apps, History, Saved Tab Group, WebAuthn Credentials, Collection, Edge E Drop, Edge Hub App Usage, Edge Wallet, Edge Workspace, Encryption Keys, reason: 4, current state: 0
2026-04-18 10:55:11.600: [WARN][Sync] Crypto error data types: Passwords, Autofill Profiles, Autofill
2026-04-18 10:55:11.607: [INFO][Sync] Configure, desired: Bookmarks, Preferences, Extensions, Sessions, Extension settings, History Delete Directives, Device Info, User Consents, Send Tab To Self, Web Apps, History, Saved Tab Group, WebAuthn Credentials, Collection, Edge E Drop, Edge Hub App Usage, Edge Wallet, Edge Workspace, Encryption Keys; Allow fail: Passwords, Autofill Profiles, Autofill
2026-04-18 10:55:11.608: [INFO][Sync] Loading: Bookmarks
2026-04-18 10:55:11.608: [INFO][Sync] Loading: Preferences
2026-04-18 10:55:11.608: [INFO][Sync] Loading: Extensions
2026-04-18 10:55:11.611: [INFO][Sync] Loading: Sessions
2026-04-18 10:55:11.613: [INFO][Sync] Loading: Extension settings
2026-04-18 10:55:11.613: [INFO][Sync] Loading: History Delete Directives
2026-04-18 10:55:11.614: [INFO][Sync] Loading: Device Info
2026-04-18 10:55:11.614: [INFO][Sync] Loading: User Consents
2026-04-18 10:55:11.614: [INFO][Sync] Loading: Send Tab To Self
2026-04-18 10:55:11.614: [INFO][Sync] Loading: Web Apps
2026-04-18 10:55:11.614: [INFO][Sync] Loading: History
2026-04-18 10:55:11.614: [INFO][Sync] Loading: Saved Tab Group
2026-04-18 10:55:11.614: [INFO][Sync] Loading: WebAuthn Credentials
2026-04-18 10:55:11.614: [INFO][Sync] Loading: Collection
2026-04-18 10:55:11.614: [INFO][Sync] Loading: Edge E Drop
2026-04-18 10:55:11.614: [INFO][Sync] Loading: Edge Hub App Usage
2026-04-18 10:55:11.614: [INFO][Sync] Loading: Edge Wallet
2026-04-18 10:55:11.614: [INFO][Sync] Loading: Edge Workspace
2026-04-18 10:55:11.637: [INFO][Sync] All data types are ready for configure.
2026-04-18 10:55:12.231: [INFO][SyncEngineBackend::DoStartConfiguration] Start configuration
2026-04-18 10:55:12.232: [INFO][SyncManagerImpl::ConfigureSyncer] Types to download:  with reason: 4
2026-04-18 10:55:12.233: [INFO][SyncEngineBackend::DoFinishConfigureDataTypes] Failed to download types:  and succeeded types: 
2026-04-18 10:55:12.233: [INFO][Sync] Started DataTypeManager configuration, reason: 5
2026-04-18 10:55:12.233: [INFO][Sync] Configuring for: Bookmarks, Preferences, Passwords, Autofill Profiles, Autofill, Extensions, Sessions, Extension settings, History Delete Directives, Device Info, User Consents, Send Tab To Self, Web Apps, History, Saved Tab Group, WebAuthn Credentials, Collection, Edge E Drop, Edge Hub App Usage, Edge Wallet, Edge Workspace, Encryption Keys, reason: 5, current state: 1
2026-04-18 10:55:12.239: [INFO][Sync] ConfigurationDone, failed: , succeeded: , remaining count: 4
2026-04-18 10:55:12.239: [WARN][Sync]     Reconfigure requested while configuration ongoing.
2026-04-18 10:55:12.239: [INFO][Sync] Configuring for: Bookmarks, Preferences, Passwords, Autofill Profiles, Autofill, Extensions, Sessions, Extension settings, History Delete Directives, Device Info, User Consents, Send Tab To Self, Web Apps, History, Saved Tab Group, WebAuthn Credentials, Collection, Edge E Drop, Edge Hub App Usage, Edge Wallet, Edge Workspace, Encryption Keys, reason: 5, current state: 2
2026-04-18 10:55:12.239: [INFO][Sync] Configure, desired: Bookmarks, Preferences, Passwords, Autofill Profiles, Autofill, Extensions, Sessions, Extension settings, History Delete Directives, Device Info, User Consents, Send Tab To Self, Web Apps, History, Saved Tab Group, WebAuthn Credentials, Collection, Edge E Drop, Edge Hub App Usage, Edge Wallet, Edge Workspace, Encryption Keys; Allow fail: 
2026-04-18 10:55:12.239: [INFO][Sync] Loading: Passwords
2026-04-18 10:55:12.239: [INFO][Sync] Loading: Autofill Profiles
2026-04-18 10:55:12.239: [INFO][Sync] Loading: Autofill
2026-04-18 10:55:12.239: [INFO][Sync] All data types are ready for configure.
2026-04-18 10:55:12.240: [INFO][SyncManagerImpl::NudgeForInitialDownload] Initial download nudge for Passwords
2026-04-18 10:55:12.240: [INFO][SyncManagerImpl::ConfigureSyncer] Types to download:  with reason: 5
2026-04-18 10:55:12.240: [INFO][SyncEngineBackend::DoFinishConfigureDataTypes] Failed to download types:  and succeeded types: 
2026-04-18 10:55:12.241: [INFO][Sync] ConfigurationDone, failed: , succeeded: , remaining count: 4
2026-04-18 10:55:12.241: [INFO][Sync] Prepare to configure types: Passwords, Encryption Keys
2026-04-18 10:55:12.241: [INFO][SyncManagerImpl::ConfigureSyncer] Types to download: Passwords, Encryption Keys with reason: 5
2026-04-18 10:55:12.241: [INFO][SyncSchedulerImpl::DoConfigurationSyncCycleJob] Blocked types:  and types to download: Passwords, Encryption Keys
2026-04-18 10:55:12.633: [INFO][SyncEngineBackend::DoFinishConfigureDataTypes] Failed to download types:  and succeeded types: Passwords, Encryption Keys
2026-04-18 10:55:12.638: [INFO][Sync] ConfigurationDone, failed: , succeeded: Passwords, Encryption Keys, remaining count: 3
2026-04-18 10:55:12.638: [INFO][SyncManagerImpl::ConfigureSyncer] Types to download:  with reason: 5
2026-04-18 10:55:12.638: [INFO][SyncEngineBackend::DoFinishConfigureDataTypes] Failed to download types:  and succeeded types: 
2026-04-18 10:55:12.638: [INFO][Sync] ConfigurationDone, failed: , succeeded: , remaining count: 2
2026-04-18 10:55:12.638: [INFO][SyncManagerImpl::ConfigureSyncer] Types to download:  with reason: 5
2026-04-18 10:55:12.638: [INFO][SyncEngineBackend::DoFinishConfigureDataTypes] Failed to download types:  and succeeded types: 
2026-04-18 10:55:12.648: [INFO][Sync] ConfigurationDone, failed: , succeeded: , remaining count: 1
2026-04-18 10:55:12.653: [INFO][SyncManagerImpl::ConfigureSyncer] Types to download:  with reason: 5
2026-04-18 10:55:12.653: [INFO][SyncEngineBackend::DoFinishConfigureDataTypes] Failed to download types:  and succeeded types: 
2026-04-18 10:55:12.658: [INFO][Sync] ConfigurationDone, failed: , succeeded: , remaining count: 0
2026-04-18 10:55:12.662: [INFO][Sync]     Configuration completed, state: 7
2026-04-18 10:55:12.662: [INFO][Sync] Configured DataTypeManager: Ok
2026-04-18 10:55:12.668: [INFO][SyncEngineBackend::DoStartSyncing] Start syncing
2026-04-18 11:06:19.568: [INFO][Sync] Reset engine, reason: 0
2026-04-18 11:06:19.568: [INFO][Sync] Reset engine with reason: 0
